make all --print-data-base --no-builtin-variables --no-builtin-rules --question
# GNU Make 3.81
# Copyright (C) 2006  Free Software Foundation, Inc.
# This is free software; see the source for copying conditions.
# There is NO warranty; not even for MERCHANTABILITY or FITNESS FOR A
# PARTICULAR PURPOSE.

# This program built for i386-apple-darwin11.3.0

# Make data base, printed on Tue May  3 09:58:57 2022

# Variables

# automatic
<D = $(patsubst %/,%,$(dir $<))
# automatic
?F = $(notdir $?)
# makefile (from `Makefile', line 20)
OBJ = $(addprefix $(OBJ_DIR)/, $(addsuffix .o, $(SRC)))
# makefile (from `Makefile', line 14)
SRC = pipex_main pipex_router pipex_err
# environment
VSCODE_LOG_NATIVE = false
# automatic
?D = $(patsubst %/,%,$(dir $?))
# automatic
@D = $(patsubst %/,%,$(dir $@))
# automatic
@F = $(notdir $@)
# makefile
CURDIR := /Users/greatng/42Bangkok/42cursus/pipex
# makefile
SHELL = /bin/sh
# makefile (from `Makefile', line 7)
RM = rm -rf
# environment
VSCODE_NLS_CONFIG = {"locale":"en-us","availableLanguages":{},"_languagePackSupport":true}
# environment
_ = /usr/bin/make
# makefile (from `Makefile', line 6)
CFLAGS = -Wall -Wextra -Werror
# makefile (from `Makefile', line 32)
BLUE = \033[38;5;4m
# makefile (from `Makefile', line 1)
MAKEFILE_LIST :=  Makefile
# makefile (from `Makefile', line 19)
OBJ_DIR = obj
# environment
VSCODE_VERBOSE_LOGGING = true
# makefile (from `Makefile', line 4)
LEAKS = -fsanitize=address -fno-omit-frame-pointer
# environment
__CFBundleIdentifier = com.microsoft.VSCode
# environment
INFOPATH = /opt/homebrew/share/info:
# environment
VSCODE_IPC_HOOK_EXTHOST = /var/folders/ld/sh1sblf11kd9n_lxmzlt97lm0000gn/T/vscode-ipc-ac8a96d1-0dcd-49f1-a590-2e1a9ba2dc4e.sock
# environment
VSCODE_CWD = /
# environment
PATH = /Users/greatng/bin:/opt/homebrew/bin:/opt/homebrew/sbin:/usr/local/sbin:/usr/local/bin:/Users/greatng/Library/Python/3.8/bin:/Applications/VMware Fusion Tech Preview.app/Contents/Public:/usr/local/go/bin:/opt/X11/bin:/usr/bin:/bin:/usr/sbin:/sbin:/Users/greatng/.cache/zsh4humans/v5/fzf/bin
# environment
LSCOLORS = ExGxDxDxCxDxDxFxFxexEx
# environment
LaunchInstanceID = DDEDB6E3-4A99-433C-9DB7-2A46D1EBA1E2
# makefile (from `Makefile', line 23)
GNL_PATH = ./gnl
# environment
VSCODE_LOG_STACK = false
# environment
ELECTRON_RUN_AS_NODE = 1
# environment
TERMINFO = /Users/greatng/.terminfo
# default
.FEATURES := target-specific order-only second-expansion else-if archives jobserver check-symlink
# environment
LS_COLORS = fi=00:mi=00:mh=00:ln=01;36:or=01;31:di=01;34:ow=04;01;34:st=34:tw=04;34:pi=01;33:so=01;33:do=01;33:bd=01;33:cd=01;33:su=01;35:sg=01;35:ca=01;35:ex=01;32
# environment
SSH_AUTH_SOCK = /private/tmp/com.apple.launchd.bljeicA2Ya/Listeners
# automatic
%F = $(notdir $%)
# environment
DISPLAY = /private/tmp/com.apple.launchd.1sQkjAZAkx/org.xquartz:0
# makefile (from `Makefile', line 15)
SRC_B = pipex_main pipex_router pipex_err pipex_heredoc
# environment
VSCODE_PIPE_LOGGING = true
# environment
PWD = /Users/greatng/42Bangkok/42cursus/pipex
# environment
HOMEBREW_CELLAR = /opt/homebrew/Cellar
# environment
ORIGINAL_XDG_CURRENT_DESKTOP = undefined
# makefile (from `Makefile', line 29)
GREEN = \033[38;5;2m
# environment
MANPATH = /opt/homebrew/share/man:/usr/share/man:/usr/local/share/man:/opt/X11/share/man:/Users/greatng/.cache/zsh4humans/v5/fzf/man:
# environment
VSCODE_AMD_ENTRYPOINT = vs/workbench/api/node/extensionHostProcess
# environment
HOME = /Users/greatng
# default
MAKEFILEPATH = $(shell /usr/bin/xcode-select -print-path 2>/dev/null || echo /Developer)/Makefiles
# environment
VSCODE_CODE_CACHE_PATH = /Users/greatng/Library/Application Support/Code/CachedData/dfd34e8260c270da74b5c2d86d61aee4b6d56977
# environment
LOGNAME = greatng
# environment
APPLICATION_INSIGHTS_NO_DIAGNOSTIC_CHANNEL = 1
# makefile (from `Makefile', line 11)
HEADERS = $(addprefix $(HEADER_DIR)/, $(addsuffix .h, $(HEADER)))
# environment
VSCODE_HANDLES_UNCAUGHT_ERRORS = true
# makefile (from `Makefile', line 30)
NORMAL = \033[38;5;255m
# automatic
^D = $(patsubst %/,%,$(dir $^))
# environment
XPC_FLAGS = 0x0
# default
MAKE = $(MAKE_COMMAND)
# default
MAKECMDGOALS := all
# makefile (from `Makefile', line 16)
SRCS = $(addprefix $(SRC_DIR)/, $(addsuffix .c, $(SRC)))
# environment
SHLVL = 1
# makefile (from `Makefile', line 27)
LIBFT = $(LIBFT_PATH)/libft.a
# makefile (from `Makefile', line 5)
CC = gcc
# default
MAKE_VERSION := 3.81
# environment
USER = greatng
# makefile
.DEFAULT_GOAL := all
# makefile (from `Makefile', line 1)
NAME = pipex
# environment
LESS = -iRFXMx4
# automatic
%D = $(patsubst %/,%,$(dir $%))
# default
MAKE_COMMAND := /Library/Developer/CommandLineTools/usr/bin/make
# makefile (from `Makefile', line 9)
HEADER_DIR = includes
# default
.VARIABLES := 
# environment
TMPDIR = /var/folders/ld/sh1sblf11kd9n_lxmzlt97lm0000gn/T/
# automatic
*F = $(notdir $*)
# environment
VSCODE_IPC_HOOK = /Users/greatng/Library/Application Support/Code/1.66.2-main.sock
# makefile (from `Makefile', line 31)
RED = \033[38;5;1m
# makefile
MAKEFLAGS = Rrqp
# environment
MFLAGS = -Rrqp
# automatic
*D = $(patsubst %/,%,$(dir $*))
# environment
XPC_SERVICE_NAME = application.com.microsoft.VSCode.8567989.8567995
# environment
HOMEBREW_PREFIX = /opt/homebrew
# automatic
+D = $(patsubst %/,%,$(dir $+))
# makefile (from `Makefile', line 21)
OBJ_B = $(addprefix $(OBJ_DIR)/, $(addsuffix _bonus.o, $(SRC_B)))
# automatic
+F = $(notdir $+)
# environment
HOMEBREW_REPOSITORY = /opt/homebrew
# environment
__CF_USER_TEXT_ENCODING = 0x1F5:0x0:0x0
# environment
COMMAND_MODE = unix2003
# default
MAKEFILES := 
# makefile (from `Makefile', line 24)
GNL = $(GNL_PATH)/gnl.a
# makefile (from `Makefile', line 13)
SRC_DIR = src
# automatic
<F = $(notdir $<)
# environment
TREE_COLORS = fi=00:mi=00:mh=00:ln=01;36:or=01;31:di=01;34:ow=01;34:st=34:tw=34:pi=01;33:so=01;33:do=01;33:bd=01;33:cd=01;33:su=01;35:sg=01;35:ca=01;35:ex=01;32
# makefile (from `Makefile', line 26)
LIBFT_PATH = ./libft
# environment
PAGER = less
# environment
LC_ALL = C
# makefile (from `Makefile', line 10)
HEADER = pipex
# environment
SECURITYSESSIONID = 186a4
# automatic
^F = $(notdir $^)
# default
SUFFIXES := 
# makefile (from `Makefile', line 17)
SRCS_B = $(addprefix $(SRC_DIR)/, $(addsuffix _bonus.c, $(SRC_B)))
# environment
MAKELEVEL := 0
# environment
GPG_TTY = 
# environment
LANG = C
# environment
TERM = xterm-256color
# environment
VSCODE_PID = 543
# makefile (from `Makefile', line 2)
NAME_B = pipex_bonus
# variable set hash-table stats:
# Load=102/1024=10%, Rehash=0, Collisions=10/156=6%

# Pattern-specific Variable Values

# No pattern-specific variable values.

# Directories

# . (device 16777232, inode 6358197): 9 files, no impossibilities.

# 9 files, no impossibilities in 1 directories.

# Implicit Rules

obj/%.o: src/%.c	includes/pipex.h
#  commands to execute (from `Makefile', line 42):
	@mkdir -p $(OBJ_DIR)
	@echo "$(GREEN)Compiling:$(NORMAL)"
	$(CC) $(CFLAGS) -c $< -o $@ 			
	

# 1 implicit rules, 0 (0.0%) terminal.

# Files

gnl/gnl.a:
#  Implicit rule search has not been done.
#  Modification time never checked.
#  File has not been updated.
#  commands to execute (from `Makefile', line 49):
	@make -C $(GNL_PATH) all
	

all: pipex
#  Phony target (prerequisite of .PHONY).
#  Command-line target.
#  Implicit rule search has not been done.
#  File does not exist.
#  File has been updated.
#  Needs to be updated (-q is set).
# variable set hash-table stats:
# Load=0/32=0%, Rehash=0, Collisions=0/3=0%

# Not a target:
obj/pipex_router.o:
#  Implicit rule search has not been done.
#  Modification time never checked.
#  File has not been updated.

.PHONY: all clean fclean re libft leaks bonus
#  Implicit rule search has not been done.
#  Modification time never checked.
#  File has not been updated.

# Not a target:
obj/pipex_main.o:
#  Implicit rule search has not been done.
#  Modification time never checked.
#  File has not been updated.

pig:
#  Implicit rule search has not been done.
#  Modification time never checked.
#  File has not been updated.
#  commands to execute (from `Makefile', line 76):
	@echo "                    *                                             .                       \n\
	\n\
 
	°oO#@@@@@@@@#*   ..°°°°°°.  *@@@@@@@@@#O*.                         \n\
	O@@@@@@@@@@@@@@@@@  @@@@@@@@@@  @@@@@@@@@@@@@@@@o.                     \n\
	@@@@@@@@@@@@@@@@@@* O@@@@@@@@@@  @@@@@@@@@@@@@@@@@@@                    \n\
	o@@@@@@@@@@@@@@@@o *@@@@@@@@@@@o O@@@@@@@@@@@@@@@@@°                    \n\
	.@@@@@@@@@@@@@@  O@@@@@@@@@@@@@° O@@@@@@@@@@@@@#°                      \n\
	@    .O@@@@@@@@@° .@@@@@@@@@@@@@@@@o  #@@@@@@@@o°  °@@o                   \n\
	O@@*  .*oo*°  °@@@@@@@@@@@@@@@@@@@@*  .°°°.  .o@@@@@@@*  @              \n\
	°@@@@@@@#oo*oO@@@@@@@@@@@@@@@@@@@@@@@@@@#OO##@@@@@@@@@@@@#                \n\
	o@@@@@@@@@@@@@@@@@@@@@@@@@@@@@@@@@@@@@@@@@@@@@@@@@@@@@@@@@@@               \n\
	°@@@@@@@@@@@@@@@@@@@@@@@@@@@@@@@@@@@@@@@@@@@@@@@@@@@@@@@@@@@@@              \n\
	@  @@@@@@@@@@@@@@@@@@@@@@@@@@@@@@@@@@@@@@@@@@@@@@@@@@@@@@@@@@@@@@@  @          \n\
	o@@@@@@@@@@@@@@@@@@@@@@@@@@@@@@@@@@@@@@@@@@@@@@@@@@@@@@@@@@@@@@@o            \n\
	@@@@@@@@@@@@@@@°  #@@@@@@@@@@@@*  o@@@@@@@@@@@@@@@@@@@@@@@@@@@@@@  °         \n\
	@@@@@@@@@@@@@@@@O.°@@@@@@@@@@@@@#°*@@@@@@@@@@@@@@@@@@@@@@@@@@@@@@@*           \n\
	#@@@@@@@@@@@@@@@@@@@#OOOOOOOOOOO##@@@@@@@@@@@@@@@@@@@@@@@@@@@@@@@@@#           \n\
	*@@@@@@@@@@@@@@@@@OOOO##OO###OO##OOOO#@@@@@@@@@@@@@@@@@@@@@@@@@@@@@@@           \n\
	@@@@@@@@@@@@@@@@@@O##O#o  O#O  *#O###O@@@@@@@@@@@@@@@@@@@@@@@@@@@@@@@           \n\
	@@@@@@@@@@@@@@@@@@@#OOOOooO##ooOOOOO#@@@@@@@@@@@@@@@@@@@@@@@@@@@@@@@@           \n\
	@@@@@@@@@#@@@@@@@@@@@@##@##OO#####@@@@@@@@@@@@@@@@@@@@@@@@@@@@@@@@@@°           \n\
	°@@@@@@###@@@@@@@@@@@@@@°#@@@@#.o@@@@@@@@@@@@@@@@@@###@@@@@@@@@@@@@@            \n\
	o@@@@@@@@@@@@@@@@@@@@@@o°°°°°°o@@@@@@@@@@@@@@@@@@@@@@@@@@@@@@@@@@@             \n\
	°@@@@@@@@@@@@@@@@@@@@@@@@@@@@@@@@@@@@@@@@@@@@@@@@@@@@@@@@@@@@@@#              \n\
	o@@@@@@@@@@@@@@@@@@@@@@@@@@@@@@@@@@@@@@@@@@@@@@@@@@@@@@@@@@@*  @            \n\
	.O@@@@@@@@@@@@@@@@@@@@@@@@@@@@@@@@@@@@@@@@@@@@@@@@@@@@@@*                 \n\
	.O@@@@@@@@@@@@@@@@@@@@@@@@@@@@@@@@@@@@@@@####@@@@#o                    \n\
	°*#@@@@@@@@@@@@@@@@@@@@@@@@@@@@@#°..      °  .o@#°                \n\
	*  °oO* °@@@@@@@@@@@@@@@@@@@@@@@@@@@. ..  ...    @@@@@@O               \n\
	.  @@@@@° @@@@@@@@@@@@@@@@@@@@@#°...     O@@@@@@  @@@@@@@@              \n\
	@@@@O .@@@@@@@@@@@@@@@@@@@@* *@@@@@@@@@@@@@@@o o@@@@@@@#             \n\
	.°  *@@@@@@@@@@@@@@@@@@@@@* o@@@@@@@@@@@@* #@  @@@@@@@@*            \n\
	@@@@@@@@@@@@@@@@@@@@@@@@@#  .*O#@@@#O*   oo  @@@@@@@@O            \n\
	. .@@@@@@@@@@@@@@@@@@@@@@@@@@@@O*°....    ....  #@@@@@@@#            \n\
	°@@@@@@@@@@@@@@@@@@@@@@@@@@@@@@@@@@@@@@O**°°  #@@@@@@@*            \n\
	.@@@@@@@@@@@@@@@@@@@@@@@@@@@@@@@@@@@@@@@@@@@° #@@@@@@*             \n\
	@@@@@@@@@@@@@@@@@@@@@@@@@@@@@@@@@@@@@@@@@@@  @@##o°               \n\
	O@@@@@@@@@@@@@@@@@@@@@@@@@@@@@@@@@@@@@@@@@o                       \n\
	°  @@@@@@@@@@@@@@@@@@@@@@@@@@@@@@@@@@@@@@@@#                        \n\
	@@@@@@@@@@@@@@@@@@@@@@@@@@@@@@@@@@@@@@@      °                  \n\
	pipex bonus compile completed"
	

libft:
#  Phony target (prerequisite of .PHONY).
#  Implicit rule search has not been done.
#  File does not exist.
#  File has not been updated.

# Not a target:
obj/pipex_err.o:
#  Implicit rule search has not been done.
#  Modification time never checked.
#  File has not been updated.

# Not a target:
.SUFFIXES:
#  Implicit rule search has not been done.
#  Modification time never checked.
#  File has not been updated.

# Not a target:
Makefile:
#  Implicit rule search has been done.
#  Last modified 2022-04-12 20:45:37
#  File has been updated.
#  Successfully updated.
# variable set hash-table stats:
# Load=0/32=0%, Rehash=0, Collisions=0/0=0%

libft/libft.a:
#  Implicit rule search has not been done.
#  Implicit/static pattern stem: `'
#  File does not exist.
#  File has been updated.
#  Needs to be updated (-q is set).
# automatic
# @ := libft/libft.a
# automatic
# % := 
# automatic
# * := 
# automatic
# + := 
# automatic
# | := 
# automatic
# < := 
# automatic
# ^ := 
# automatic
# ? := 
# variable set hash-table stats:
# Load=8/32=25%, Rehash=0, Collisions=1/11=9%
#  commands to execute (from `Makefile', line 47):
	@make -C $(LIBFT_PATH) all
	

bonus: pipex_bonus
#  Phony target (prerequisite of .PHONY).
#  Implicit rule search has not been done.
#  File does not exist.
#  File has not been updated.

fclean: clean
#  Phony target (prerequisite of .PHONY).
#  Implicit rule search has not been done.
#  File does not exist.
#  File has not been updated.
#  commands to execute (from `Makefile', line 67):
	@make -C $(LIBFT_PATH) fclean
	@make -C $(GNL_PATH) fclean
	@$(RM) -f $(NAME) $(NAME_B)
	

leaks: pipex
#  Phony target (prerequisite of .PHONY).
#  Implicit rule search has not been done.
#  File does not exist.
#  File has not been updated.
#  commands to execute (from `Makefile', line 59):
	@echo "$(GREEN)For Leaks Check:$(NORMAL)"
	$(CC) $(LEAKS) $(SRCS) $(GNLS) $(LIBFT) -o $(NAME)
	

# Not a target:
obj/pipex_heredoc_bonus.o:
#  Implicit rule search has not been done.
#  Modification time never checked.
#  File has not been updated.

# Not a target:
.DEFAULT:
#  Implicit rule search has not been done.
#  Modification time never checked.
#  File has not been updated.

re: fclean all
#  Phony target (prerequisite of .PHONY).
#  Implicit rule search has not been done.
#  File does not exist.
#  File has not been updated.

clean:
#  Phony target (prerequisite of .PHONY).
#  Implicit rule search has not been done.
#  File does not exist.
#  File has not been updated.
#  commands to execute (from `Makefile', line 63):
	@make -C $(LIBFT_PATH) clean
	@make -C $(GNL_PATH) clean
	@$(RM) -f $(OBJ) $(OBJ_B) $(OBJ_DIR)
	

pipex_bonus: libft/libft.a gnl/gnl.a obj/pipex_main_bonus.o obj/pipex_router_bonus.o obj/pipex_err_bonus.o obj/pipex_heredoc_bonus.o
#  Implicit rule search has not been done.
#  Modification time never checked.
#  File has not been updated.
#  commands to execute (from `Makefile', line 54):
	@echo "$(GREEN)Compiling:$(NORMAL)"
	$(CC) $(CFLAGS) $(LIBFT) $(GNL) $(OBJ_B) -o $@
	@make pig
	

# Not a target:
obj/pipex_router_bonus.o:
#  Implicit rule search has not been done.
#  Modification time never checked.
#  File has not been updated.

# Not a target:
obj/pipex_main_bonus.o:
#  Implicit rule search has not been done.
#  Modification time never checked.
#  File has not been updated.

pipex: libft/libft.a gnl/gnl.a obj/pipex_main.o obj/pipex_router.o obj/pipex_err.o
#  Implicit rule search has not been done.
#  File does not exist.
#  File has been updated.
#  Needs to be updated (-q is set).
# variable set hash-table stats:
# Load=0/32=0%, Rehash=0, Collisions=0/3=0%
#  commands to execute (from `Makefile', line 38):
	@echo "$(GREEN)Compiling:$(NORMAL)"
	$(CC) $(CFLAGS) $(LIBFT) $(GNL) $(OBJ) -o $@
	

# Not a target:
obj/pipex_err_bonus.o:
#  Implicit rule search has not been done.
#  Modification time never checked.
#  File has not been updated.

# files hash-table stats:
# Load=23/1024=2%, Rehash=0, Collisions=0/61=0%
# VPATH Search Paths

# No `vpath' search paths.

# No general (`VPATH' variable) search path.

# # of strings in strcache: 1
# # of strcache buffers: 1
# strcache size: total = 4096 / max = 4096 / min = 4096 / avg = 4096
# strcache free: total = 4087 / max = 4087 / min = 4087 / avg = 4087

# Finished Make data base on Tue May  3 09:58:57 2022

 
